  stdafx.cpp
  招商银行管理网络版客户端.cpp
  SockJolly.cpp
d:\lei_workstation\__vs2015_projects\招商银行管理网络版客户端\招商银行管理网络版客户端\sockjolly.cpp(39): warning C4996: 'inet_addr': Use inet_pton() or InetPton() instead or define _WINSOCK_DEPRECATED_NO_WARNINGS to disable deprecated API warnings
  c:\program files (x86)\windows kits\8.1\include\um\winsock2.h(1850): note: 参见“inet_addr”的声明
d:\lei_workstation\__vs2015_projects\招商银行管理网络版客户端\招商银行管理网络版客户端\sockjolly.cpp(54): warning C4996: 'strcpy': This function or variable may be unsafe. Consider using strcpy_s instead. To disable deprecation, use _CRT_SECURE_NO_WARNINGS. See online help for details.
  c:\program files (x86)\windows kits\10\include\10.0.10240.0\ucrt\string.h(119): note: 参见“strcpy”的声明
d:\lei_workstation\__vs2015_projects\招商银行管理网络版客户端\招商银行管理网络版客户端\sockjolly.cpp(65): warning C4996: 'inet_addr': Use inet_pton() or InetPton() instead or define _WINSOCK_DEPRECATED_NO_WARNINGS to disable deprecated API warnings
  c:\program files (x86)\windows kits\8.1\include\um\winsock2.h(1850): note: 参见“inet_addr”的声明
d:\lei_workstation\__vs2015_projects\招商银行管理网络版客户端\招商银行管理网络版客户端\sockjolly.cpp(79): warning C4996: 'inet_addr': Use inet_pton() or InetPton() instead or define _WINSOCK_DEPRECATED_NO_WARNINGS to disable deprecated API warnings
  c:\program files (x86)\windows kits\8.1\include\um\winsock2.h(1850): note: 参见“inet_addr”的声明
d:\lei_workstation\__vs2015_projects\招商银行管理网络版客户端\招商银行管理网络版客户端\sockjolly.cpp(93): warning C4996: 'strcpy': This function or variable may be unsafe. Consider using strcpy_s instead. To disable deprecation, use _CRT_SECURE_NO_WARNINGS. See online help for details.
  c:\program files (x86)\windows kits\10\include\10.0.10240.0\ucrt\string.h(119): note: 参见“strcpy”的声明
d:\lei_workstation\__vs2015_projects\招商银行管理网络版客户端\招商银行管理网络版客户端\sockjolly.cpp(107): warning C4996: 'strcpy': This function or variable may be unsafe. Consider using strcpy_s instead. To disable deprecation, use _CRT_SECURE_NO_WARNINGS. See online help for details.
  c:\program files (x86)\windows kits\10\include\10.0.10240.0\ucrt\string.h(119): note: 参见“strcpy”的声明
  Manage.cpp
d:\lei_workstation\__vs2015_projects\招商银行管理网络版客户端\招商银行管理网络版客户端\manage.cpp(38): warning C4996: 'getch': The POSIX name for this item is deprecated. Instead, use the ISO C and C++ conformant name: _getch. See online help for details.
  c:\program files (x86)\windows kits\10\include\10.0.10240.0\ucrt\conio.h(452): note: 参见“getch”的声明
d:\lei_workstation\__vs2015_projects\招商银行管理网络版客户端\招商银行管理网络版客户端\manage.cpp(119): warning C4996: 'getch': The POSIX name for this item is deprecated. Instead, use the ISO C and C++ conformant name: _getch. See online help for details.
  c:\program files (x86)\windows kits\10\include\10.0.10240.0\ucrt\conio.h(452): note: 参见“getch”的声明
d:\lei_workstation\__vs2015_projects\招商银行管理网络版客户端\招商银行管理网络版客户端\manage.cpp(183): warning C4996: 'getch': The POSIX name for this item is deprecated. Instead, use the ISO C and C++ conformant name: _getch. See online help for details.
  c:\program files (x86)\windows kits\10\include\10.0.10240.0\ucrt\conio.h(452): note: 参见“getch”的声明
d:\lei_workstation\__vs2015_projects\招商银行管理网络版客户端\招商银行管理网络版客户端\manage.cpp(295): warning C4996: 'getch': The POSIX name for this item is deprecated. Instead, use the ISO C and C++ conformant name: _getch. See online help for details.
  c:\program files (x86)\windows kits\10\include\10.0.10240.0\ucrt\conio.h(452): note: 参见“getch”的声明
d:\lei_workstation\__vs2015_projects\招商银行管理网络版客户端\招商银行管理网络版客户端\manage.cpp(303): warning C4996: 'getch': The POSIX name for this item is deprecated. Instead, use the ISO C and C++ conformant name: _getch. See online help for details.
  c:\program files (x86)\windows kits\10\include\10.0.10240.0\ucrt\conio.h(452): note: 参见“getch”的声明
d:\lei_workstation\__vs2015_projects\招商银行管理网络版客户端\招商银行管理网络版客户端\manage.cpp(324): warning C4996: 'getch': The POSIX name for this item is deprecated. Instead, use the ISO C and C++ conformant name: _getch. See online help for details.
  c:\program files (x86)\windows kits\10\include\10.0.10240.0\ucrt\conio.h(452): note: 参见“getch”的声明
d:\lei_workstation\__vs2015_projects\招商银行管理网络版客户端\招商银行管理网络版客户端\manage.cpp(358): warning C4996: 'getch': The POSIX name for this item is deprecated. Instead, use the ISO C and C++ conformant name: _getch. See online help for details.
  c:\program files (x86)\windows kits\10\include\10.0.10240.0\ucrt\conio.h(452): note: 参见“getch”的声明
d:\lei_workstation\__vs2015_projects\招商银行管理网络版客户端\招商银行管理网络版客户端\manage.cpp(391): warning C4996: 'getch': The POSIX name for this item is deprecated. Instead, use the ISO C and C++ conformant name: _getch. See online help for details.
  c:\program files (x86)\windows kits\10\include\10.0.10240.0\ucrt\conio.h(452): note: 参见“getch”的声明
d:\lei_workstation\__vs2015_projects\招商银行管理网络版客户端\招商银行管理网络版客户端\manage.cpp(475): warning C4996: 'sprintf': This function or variable may be unsafe. Consider using sprintf_s instead. To disable deprecation, use _CRT_SECURE_NO_WARNINGS. See online help for details.
  c:\program files (x86)\windows kits\10\include\10.0.10240.0\ucrt\stdio.h(1769): note: 参见“sprintf”的声明
d:\lei_workstation\__vs2015_projects\招商银行管理网络版客户端\招商银行管理网络版客户端\manage.cpp(487): warning C4996: 'sprintf': This function or variable may be unsafe. Consider using sprintf_s instead. To disable deprecation, use _CRT_SECURE_NO_WARNINGS. See online help for details.
  c:\program files (x86)\windows kits\10\include\10.0.10240.0\ucrt\stdio.h(1769): note: 参见“sprintf”的声明
d:\lei_workstation\__vs2015_projects\招商银行管理网络版客户端\招商银行管理网络版客户端\manage.cpp(499): warning C4996: 'sprintf': This function or variable may be unsafe. Consider using sprintf_s instead. To disable deprecation, use _CRT_SECURE_NO_WARNINGS. See online help for details.
  c:\program files (x86)\windows kits\10\include\10.0.10240.0\ucrt\stdio.h(1769): note: 参见“sprintf”的声明
d:\lei_workstation\__vs2015_projects\招商银行管理网络版客户端\招商银行管理网络版客户端\manage.cpp(501): warning C4996: 'sprintf': This function or variable may be unsafe. Consider using sprintf_s instead. To disable deprecation, use _CRT_SECURE_NO_WARNINGS. See online help for details.
  c:\program files (x86)\windows kits\10\include\10.0.10240.0\ucrt\stdio.h(1769): note: 参见“sprintf”的声明
d:\lei_workstation\__vs2015_projects\招商银行管理网络版客户端\招商银行管理网络版客户端\manage.cpp(503): warning C4996: 'sprintf': This function or variable may be unsafe. Consider using sprintf_s instead. To disable deprecation, use _CRT_SECURE_NO_WARNINGS. See online help for details.
  c:\program files (x86)\windows kits\10\include\10.0.10240.0\ucrt\stdio.h(1769): note: 参见“sprintf”的声明
d:\lei_workstation\__vs2015_projects\招商银行管理网络版客户端\招商银行管理网络版客户端\manage.cpp(528): warning C4996: '_strtime': This function or variable may be unsafe. Consider using _strtime_s instead. To disable deprecation, use _CRT_SECURE_NO_WARNINGS. See online help for details.
  c:\program files (x86)\windows kits\10\include\10.0.10240.0\ucrt\time.h(308): note: 参见“_strtime”的声明
d:\lei_workstation\__vs2015_projects\招商银行管理网络版客户端\招商银行管理网络版客户端\manage.cpp(532): warning C4996: 'strcpy': This function or variable may be unsafe. Consider using strcpy_s instead. To disable deprecation, use _CRT_SECURE_NO_WARNINGS. See online help for details.
  c:\program files (x86)\windows kits\10\include\10.0.10240.0\ucrt\string.h(119): note: 参见“strcpy”的声明
d:\lei_workstation\__vs2015_projects\招商银行管理网络版客户端\招商银行管理网络版客户端\manage.cpp(534): warning C4996: 'strcpy': This function or variable may be unsafe. Consider using strcpy_s instead. To disable deprecation, use _CRT_SECURE_NO_WARNINGS. See online help for details.
  c:\program files (x86)\windows kits\10\include\10.0.10240.0\ucrt\string.h(119): note: 参见“strcpy”的声明
d:\lei_workstation\__vs2015_projects\招商银行管理网络版客户端\招商银行管理网络版客户端\manage.cpp(536): warning C4996: 'strcpy': This function or variable may be unsafe. Consider using strcpy_s instead. To disable deprecation, use _CRT_SECURE_NO_WARNINGS. See online help for details.
  c:\program files (x86)\windows kits\10\include\10.0.10240.0\ucrt\string.h(119): note: 参见“strcpy”的声明
d:\lei_workstation\__vs2015_projects\招商银行管理网络版客户端\招商银行管理网络版客户端\manage.cpp(538): warning C4996: 'strcpy': This function or variable may be unsafe. Consider using strcpy_s instead. To disable deprecation, use _CRT_SECURE_NO_WARNINGS. See online help for details.
  c:\program files (x86)\windows kits\10\include\10.0.10240.0\ucrt\string.h(119): note: 参见“strcpy”的声明
  Hallo.cpp
d:\lei_workstation\__vs2015_projects\招商银行管理网络版客户端\招商银行管理网络版客户端\hallo.cpp(22): warning C4996: 'getch': The POSIX name for this item is deprecated. Instead, use the ISO C and C++ conformant name: _getch. See online help for details.
  c:\program files (x86)\windows kits\10\include\10.0.10240.0\ucrt\conio.h(452): note: 参见“getch”的声明
  ATM.cpp
d:\lei_workstation\__vs2015_projects\招商银行管理网络版客户端\招商银行管理网络版客户端\atm.cpp(26): warning C4996: 'getch': The POSIX name for this item is deprecated. Instead, use the ISO C and C++ conformant name: _getch. See online help for details.
  c:\program files (x86)\windows kits\10\include\10.0.10240.0\ucrt\conio.h(452): note: 参见“getch”的声明
d:\lei_workstation\__vs2015_projects\招商银行管理网络版客户端\招商银行管理网络版客户端\atm.cpp(45): warning C4996: 'getch': The POSIX name for this item is deprecated. Instead, use the ISO C and C++ conformant name: _getch. See online help for details.
  c:\program files (x86)\windows kits\10\include\10.0.10240.0\ucrt\conio.h(452): note: 参见“getch”的声明
d:\lei_workstation\__vs2015_projects\招商银行管理网络版客户端\招商银行管理网络版客户端\atm.cpp(63): warning C4996: 'getch': The POSIX name for this item is deprecated. Instead, use the ISO C and C++ conformant name: _getch. See online help for details.
  c:\program files (x86)\windows kits\10\include\10.0.10240.0\ucrt\conio.h(452): note: 参见“getch”的声明
d:\lei_workstation\__vs2015_projects\招商银行管理网络版客户端\招商银行管理网络版客户端\atm.cpp(80): warning C4996: 'strcpy': This function or variable may be unsafe. Consider using strcpy_s instead. To disable deprecation, use _CRT_SECURE_NO_WARNINGS. See online help for details.
  c:\program files (x86)\windows kits\10\include\10.0.10240.0\ucrt\string.h(119): note: 参见“strcpy”的声明
d:\lei_workstation\__vs2015_projects\招商银行管理网络版客户端\招商银行管理网络版客户端\atm.cpp(123): warning C4996: 'getch': The POSIX name for this item is deprecated. Instead, use the ISO C and C++ conformant name: _getch. See online help for details.
  c:\program files (x86)\windows kits\10\include\10.0.10240.0\ucrt\conio.h(452): note: 参见“getch”的声明
d:\lei_workstation\__vs2015_projects\招商银行管理网络版客户端\招商银行管理网络版客户端\atm.cpp(169): warning C4996: 'getch': The POSIX name for this item is deprecated. Instead, use the ISO C and C++ conformant name: _getch. See online help for details.
  c:\program files (x86)\windows kits\10\include\10.0.10240.0\ucrt\conio.h(452): note: 参见“getch”的声明
d:\lei_workstation\__vs2015_projects\招商银行管理网络版客户端\招商银行管理网络版客户端\atm.cpp(246): warning C4996: 'getch': The POSIX name for this item is deprecated. Instead, use the ISO C and C++ conformant name: _getch. See online help for details.
  c:\program files (x86)\windows kits\10\include\10.0.10240.0\ucrt\conio.h(452): note: 参见“getch”的声明
d:\lei_workstation\__vs2015_projects\招商银行管理网络版客户端\招商银行管理网络版客户端\atm.cpp(305): warning C4996: 'getch': The POSIX name for this item is deprecated. Instead, use the ISO C and C++ conformant name: _getch. See online help for details.
  c:\program files (x86)\windows kits\10\include\10.0.10240.0\ucrt\conio.h(452): note: 参见“getch”的声明
d:\lei_workstation\__vs2015_projects\招商银行管理网络版客户端\招商银行管理网络版客户端\atm.cpp(409): warning C4996: 'getch': The POSIX name for this item is deprecated. Instead, use the ISO C and C++ conformant name: _getch. See online help for details.
  c:\program files (x86)\windows kits\10\include\10.0.10240.0\ucrt\conio.h(452): note: 参见“getch”的声明
d:\lei_workstation\__vs2015_projects\招商银行管理网络版客户端\招商银行管理网络版客户端\atm.cpp(505): warning C4800: “BOOL”: 将值强制为布尔值“true”或“false”(性能警告)
d:\lei_workstation\__vs2015_projects\招商银行管理网络版客户端\招商银行管理网络版客户端\atm.cpp(468): warning C4996: 'strcpy': This function or variable may be unsafe. Consider using strcpy_s instead. To disable deprecation, use _CRT_SECURE_NO_WARNINGS. See online help for details.
  c:\program files (x86)\windows kits\10\include\10.0.10240.0\ucrt\string.h(119): note: 参见“strcpy”的声明
d:\lei_workstation\__vs2015_projects\招商银行管理网络版客户端\招商银行管理网络版客户端\atm.cpp(489): warning C4996: 'getch': The POSIX name for this item is deprecated. Instead, use the ISO C and C++ conformant name: _getch. See online help for details.
  c:\program files (x86)\windows kits\10\include\10.0.10240.0\ucrt\conio.h(452): note: 参见“getch”的声明
d:\lei_workstation\__vs2015_projects\招商银行管理网络版客户端\招商银行管理网络版客户端\atm.cpp(535): warning C4996: 'getch': The POSIX name for this item is deprecated. Instead, use the ISO C and C++ conformant name: _getch. See online help for details.
  c:\program files (x86)\windows kits\10\include\10.0.10240.0\ucrt\conio.h(452): note: 参见“getch”的声明
d:\lei_workstation\__vs2015_projects\招商银行管理网络版客户端\招商银行管理网络版客户端\atm.cpp(553): warning C4996: 'getch': The POSIX name for this item is deprecated. Instead, use the ISO C and C++ conformant name: _getch. See online help for details.
  c:\program files (x86)\windows kits\10\include\10.0.10240.0\ucrt\conio.h(452): note: 参见“getch”的声明
d:\lei_workstation\__vs2015_projects\招商银行管理网络版客户端\招商银行管理网络版客户端\atm.cpp(764): warning C4996: '_strtime': This function or variable may be unsafe. Consider using _strtime_s instead. To disable deprecation, use _CRT_SECURE_NO_WARNINGS. See online help for details.
  c:\program files (x86)\windows kits\10\include\10.0.10240.0\ucrt\time.h(308): note: 参见“_strtime”的声明
d:\lei_workstation\__vs2015_projects\招商银行管理网络版客户端\招商银行管理网络版客户端\atm.cpp(768): warning C4996: 'strcpy': This function or variable may be unsafe. Consider using strcpy_s instead. To disable deprecation, use _CRT_SECURE_NO_WARNINGS. See online help for details.
  c:\program files (x86)\windows kits\10\include\10.0.10240.0\ucrt\string.h(119): note: 参见“strcpy”的声明
d:\lei_workstation\__vs2015_projects\招商银行管理网络版客户端\招商银行管理网络版客户端\atm.cpp(770): warning C4996: 'strcpy': This function or variable may be unsafe. Consider using strcpy_s instead. To disable deprecation, use _CRT_SECURE_NO_WARNINGS. See online help for details.
  c:\program files (x86)\windows kits\10\include\10.0.10240.0\ucrt\string.h(119): note: 参见“strcpy”的声明
d:\lei_workstation\__vs2015_projects\招商银行管理网络版客户端\招商银行管理网络版客户端\atm.cpp(772): warning C4996: 'strcpy': This function or variable may be unsafe. Consider using strcpy_s instead. To disable deprecation, use _CRT_SECURE_NO_WARNINGS. See online help for details.
  c:\program files (x86)\windows kits\10\include\10.0.10240.0\ucrt\string.h(119): note: 参见“strcpy”的声明
d:\lei_workstation\__vs2015_projects\招商银行管理网络版客户端\招商银行管理网络版客户端\atm.cpp(774): warning C4996: 'strcpy': This function or variable may be unsafe. Consider using strcpy_s instead. To disable deprecation, use _CRT_SECURE_NO_WARNINGS. See online help for details.
  c:\program files (x86)\windows kits\10\include\10.0.10240.0\ucrt\string.h(119): note: 参见“strcpy”的声明
  正在生成代码...
d:\lei_workstation\__vs2015_projects\招商银行管理网络版客户端\招商银行管理网络版客户端\atm.cpp(376): warning C4715: “CATM::TransferMoney”: 不是所有的控件路径都返回值
d:\lei_workstation\__vs2015_projects\招商银行管理网络版客户端\招商银行管理网络版客户端\atm.cpp(605): warning C4172: 返回局部变量或临时变量的地址: sPassword
  招商银行管理网络版客户端.vcxproj -> D:\Lei_WorkStation\__VS2015_Projects\招商银行管理网络版客户端\Debug\招商银行管理网络版客户端.exe
